2021-04-06 00:51:56,927 [Test worker] INFO by.geller.project.reader.BlockOfNumbersReadFromFileTest - readMassiveTest() - Success
2021-04-06 01:11:43,713 [Test worker] INFO by.geller.project.reader.BlockOfNumbersReadFromFileTest - readRightArrayTest() - Success
2021-04-06 01:11:51,805 [Test worker] INFO by.geller.project.reader.BlockOfNumbersReadFromFileTest - readRightArrayTest() - Success
2021-04-06 01:19:51,360 [Test worker] INFO by.geller.project.reader.BlockOfNumbersReadFromFileTest - readRightArrayTest() - Success
2021-04-06 01:26:24,625 [Test worker] INFO by.geller.project.implTest.DefineServiceImpTest - averageOfAnArray() - Success
2021-04-06 01:26:24,634 [Test worker] INFO by.geller.project.implTest.DefineServiceImpTest - countNegativeNumbersTest() - Success
2021-04-06 01:26:24,635 [Test worker] INFO by.geller.project.implTest.DefineServiceImpTest - countPositiveNumbersTest() - Success
2021-04-06 01:26:24,638 [Test worker] INFO by.geller.project.implTest.DefineServiceImpTest - sumOfAllNumbersTest() - Success
2021-04-06 01:27:09,537 [Test worker] INFO by.geller.project.implTest.DefineServiceImpTest - averageOfAnArray() - Success
2021-04-06 01:27:09,544 [Test worker] INFO by.geller.project.implTest.DefineServiceImpTest - countNegativeNumbersTest() - Success
2021-04-06 01:27:09,546 [Test worker] INFO by.geller.project.implTest.DefineServiceImpTest - countPositiveNumbersTest() - Success
2021-04-06 01:27:09,548 [Test worker] INFO by.geller.project.implTest.DefineServiceImpTest - sumOfAllNumbersTest() - Success
2021-04-06 01:27:18,564 [Test worker] INFO by.geller.project.implTest.SearchServiceImpTest - maximumNumberInArrayTest() - Success
2021-04-06 01:27:18,578 [Test worker] INFO by.geller.project.implTest.SearchServiceImpTest - minimumNumberInArrayTest() - Success
2021-04-06 01:50:29,467 [Test worker] INFO by.geller.project.implTest.ChangeElementsServiceImpTest - changeElementInPositionTest() - Success
2021-04-06 02:01:14,847 [Test worker] INFO by.geller.project.implTest.ChangeElementsServiceImpTest - changeElementInPositionTest() - Success
2021-04-06 02:03:01,555 [Test worker] INFO by.geller.project.implTest.ChangeElementsServiceImpTest - changeElementInPositionTest() - Success
2021-04-06 02:07:52,485 [Test worker] INFO by.geller.project.implTest.SortByDiffAlgorithmsServiceImpTest - bubbleSortTest() - Success
2021-04-06 02:07:52,496 [Test worker] INFO by.geller.project.implTest.SortByDiffAlgorithmsServiceImpTest - selectionSortTest() - Success
2021-04-06 02:08:39,804 [Test worker] INFO by.geller.project.implTest.SortByDiffAlgorithmsServiceImpTest - bubbleSortTest() - Success
2021-04-06 02:08:39,812 [Test worker] INFO by.geller.project.implTest.SortByDiffAlgorithmsServiceImpTest - selectionSortTest() - Success
2021-04-06 02:18:13,589 [Test worker] INFO by.geller.project.implTest.SortByDiffAlgorithmsServiceImpTest - bubbleSortTest() - Success
2021-04-06 02:18:13,598 [Test worker] INFO by.geller.project.implTest.SortByDiffAlgorithmsServiceImpTest - selectionSortTest() - Success
2021-04-06 02:39:29,817 [Test worker] INFO by.geller.project.implTest.SortByDiffAlgorithmsServiceImpTest - quickSortTest() - Success
2021-04-06 02:40:21,448 [Test worker] INFO by.geller.project.implTest.SortByDiffAlgorithmsServiceImpTest - bubbleSortTest() - Success
2021-04-06 02:40:21,456 [Test worker] INFO by.geller.project.implTest.SortByDiffAlgorithmsServiceImpTest - quickSortTest() - Success
2021-04-06 02:40:21,458 [Test worker] INFO by.geller.project.implTest.SortByDiffAlgorithmsServiceImpTest - selectionSortTest() - Success
2021-04-06 03:07:27,383 [Test worker] INFO by.geller.project.implTest.ChangeElementsStreamServiceImpTest - changeElementInPositionTest() - Success
2021-04-06 03:08:27,595 [Test worker] INFO by.geller.project.implTest.ChangeElementsStreamServiceImpTest - changeElementInPositionTest() - Success
2021-04-06 03:11:50,660 [Test worker] INFO by.geller.project.implTest.DefineStreamServiceImpTest - averageOfAnArray() - Success
2021-04-06 03:11:50,669 [Test worker] INFO by.geller.project.implTest.DefineStreamServiceImpTest - countNegativeNumbersTest() - Success
2021-04-06 03:11:50,672 [Test worker] INFO by.geller.project.implTest.DefineStreamServiceImpTest - countPositiveNumbersTest() - Success
2021-04-06 03:11:50,676 [Test worker] INFO by.geller.project.implTest.DefineStreamServiceImpTest - sumOfAllNumbersTest() - Success
2021-04-06 03:12:51,685 [Test worker] INFO by.geller.project.implTest.SearchStreamServiceImpTest - maximumNumberInArrayTest() - Success
2021-04-06 03:12:51,693 [Test worker] INFO by.geller.project.implTest.SearchStreamServiceImpTest - minimumNumberInArrayTest() - Success
2021-04-06 03:19:33,030 [Test worker] INFO by.geller.project.implTest.ChangeElementsServiceImpTest - changeElementInPositionTest() - Success
2021-04-06 03:24:16,613 [Test worker] INFO by.geller.project.implTest.DefineServiceImpTest - averageOfAnArray() - Success
2021-04-06 03:24:16,620 [Test worker] INFO by.geller.project.implTest.DefineServiceImpTest - countNegativeNumbersTest() - Success
2021-04-06 03:24:16,622 [Test worker] INFO by.geller.project.implTest.DefineServiceImpTest - countPositiveNumbersTest() - Success
2021-04-06 03:24:16,625 [Test worker] INFO by.geller.project.implTest.DefineServiceImpTest - sumOfAllNumbersTest() - Success
2021-04-06 03:25:06,813 [Test worker] INFO by.geller.project.implTest.DefineStreamServiceImpTest - averageOfAnArray() - Success
2021-04-06 03:25:06,822 [Test worker] INFO by.geller.project.implTest.DefineStreamServiceImpTest - countNegativeNumbersTest() - Success
2021-04-06 03:25:06,825 [Test worker] INFO by.geller.project.implTest.DefineStreamServiceImpTest - countPositiveNumbersTest() - Success
2021-04-06 03:25:06,828 [Test worker] INFO by.geller.project.implTest.DefineStreamServiceImpTest - sumOfAllNumbersTest() - Success
2021-04-06 03:25:19,490 [Test worker] INFO by.geller.project.implTest.SearchServiceImpTest - maximumNumberInArrayTest() - Success
2021-04-06 03:25:19,499 [Test worker] INFO by.geller.project.implTest.SearchServiceImpTest - minimumNumberInArrayTest() - Success
2021-04-06 03:25:28,161 [Test worker] INFO by.geller.project.implTest.SearchStreamServiceImpTest - maximumNumberInArrayTest() - Success
2021-04-06 03:25:28,168 [Test worker] INFO by.geller.project.implTest.SearchStreamServiceImpTest - minimumNumberInArrayTest() - Success
2021-04-06 03:25:42,853 [Test worker] INFO by.geller.project.implTest.SortByDiffAlgorithmsServiceImpTest - bubbleSortTest() - Success
2021-04-06 03:25:42,862 [Test worker] INFO by.geller.project.implTest.SortByDiffAlgorithmsServiceImpTest - quickSortTest() - Success
2021-04-06 03:25:42,864 [Test worker] INFO by.geller.project.implTest.SortByDiffAlgorithmsServiceImpTest - selectionSortTest() - Success
